<?xml version="1.0" encoding="utf-8"?><testsuites name="pytest tests"><testsuite name="pytest" errors="0" failures="0" skipped="0" tests="11" time="1.615" timestamp="2026-04-25T01:07:01.953776+00:00" hostname="agent-env-7cf854b0-a23a-4903-86bf-34b3394d542d"><testcase classname="backend.tests.test_phase2_api.TestHealth" name="test_health_ok" time="0.174" /><testcase classname="backend.tests.test_phase2_api.TestHealth" name="test_root" time="0.059" /><testcase classname="backend.tests.test_phase2_api.TestCheckoutValidation" name="test_empty_cart_returns_400" time="0.058" /><testcase classname="backend.tests.test_phase2_api.TestCheckoutValidation" name="test_delivery_without_address_returns_400" time="0.055" /><testcase classname="backend.tests.test_phase2_api.TestCheckoutValidation" name="test_delivery_blank_address_returns_400" time="0.057" /><testcase classname="backend.tests.test_phase2_api.TestCheckoutValidation" name="test_invalid_order_type_returns_400" time="0.056" /><testcase classname="backend.tests.test_phase2_api.TestCheckoutCreate" name="test_pickup_order_returns_stripe_not_configured" time="0.332" /><testcase classname="backend.tests.test_phase2_api.TestCheckoutCreate" name="test_delivery_order_with_address_succeeds" time="0.173" /><testcase classname="backend.tests.test_phase2_api.TestCheckoutCreate" name="test_get_order_by_id_returns_persisted_data" time="0.181" /><testcase classname="backend.tests.test_phase2_api.TestCheckoutCreate" name="test_get_order_unknown_id_returns_404" time="0.176" /><testcase classname="backend.tests.test_phase2_api.TestContactRegression" name="test_contact_post_still_works" time="0.060" /></testsuite></testsuites>