<?xml version="1.0" encoding="utf-8"?><testsuites name="pytest tests"><testsuite name="pytest" errors="0" failures="0" skipped="0" tests="6" time="1.007" timestamp="2026-04-20T03:22:00.840675+00:00" hostname="agent-env-7cf854b0-a23a-4903-86bf-34b3394d542d"><testcase classname="backend.tests.test_api.TestHealth" name="test_health" time="0.237" /><testcase classname="backend.tests.test_api.TestHealth" name="test_root" time="0.150" /><testcase classname="backend.tests.test_api.TestContact" name="test_submit_contact" time="0.185" /><testcase classname="backend.tests.test_api.TestContact" name="test_submit_contact_with_phone" time="0.122" /><testcase classname="backend.tests.test_api.TestContact" name="test_submit_contact_missing_required" time="0.142" /><testcase classname="backend.tests.test_api.TestContact" name="test_get_messages" time="0.108" /></testsuite></testsuites>